<?xml version="1.0" encoding="UTF-8"?>
<!-- Generated by org.testng.reporters.JUnitReportReporter -->
<testsuite hostname="DESKTOP-TJGR0V3" failures="0" tests="2" name="com.inetbankingNew.qa.testcases.LoginTest" time="25.094" errors="0" timestamp="2022-04-27T16:05:44 IST" skipped="0">
  <testcase classname="com.inetbankingNew.qa.testcases.LoginTest" name="logintest" time="13.963"/>
  <system-out/>
  <testcase classname="com.inetbankingNew.qa.testcases.LoginTest" name="logintest" time="11.131"/>
  <system-out/>
</testsuite> <!-- com.inetbankingNew.qa.testcases.LoginTest -->
