<?xml version="1.0" encoding="UTF-8"?>
<!-- Generated by org.testng.reporters.JUnitReportReporter -->
<testsuite hostname="DESKTOP-TJGR0V3" failures="0" tests="1" name="com.inetbankingNew.qa.testcases.TwoTest" time="38.976" errors="0" timestamp="2022-04-26T19:33:49 IST" skipped="0">
  <testcase classname="com.inetbankingNew.qa.testcases.TwoTest" name="TestTwo" time="38.976"/>
  <system-out/>
</testsuite> <!-- com.inetbankingNew.qa.testcases.TwoTest -->
